wearable/build/intermediates/manifest_merge_blame_file/debug/manifest-merger-blame-debug-report.txt
1<?xml version="1.0" encoding="utf-8"?>
2<manifest xmlns:android="http://schemas.android.com/apk/res/android"
3    package="uz.fido.wearable"
4    android:versionCode="1"
5    android:versionName="1.0" >
6
7    <uses-sdk
8        android:minSdkVersion="26"
8-->src\main\AndroidManifest.xml
9        android:targetSdkVersion="34" />
9-->src\main\AndroidManifest.xml
10
11    <uses-feature android:name="android.hardware.type.watch" />
11-->src\main\AndroidManifest.xml:4:5-64
11-->src\main\AndroidManifest.xml:4:19-61
12
13    <uses-permission android:name="android.permission.INTERNET" />
13-->src\main\AndroidManifest.xml:5:5-67
13-->src\main\AndroidManifest.xml:5:22-64
14    <uses-permission android:name="android.permission.WAKE_LOCK" />
14-->src\main\AndroidManifest.xml:6:5-68
14-->src\main\AndroidManifest.xml:6:22-65
15
16    <queries>
16-->[androidx.wear.tiles:tiles:1.2.0] AndroidManifest.xml:7:5-11:15
17        <intent>
17-->[androidx.wear.tiles:tiles:1.2.0] AndroidManifest.xml:8:9-10:18
18            <action android:name="androidx.wear.tiles.action.BIND_UPDATE_REQUESTER" />
18-->[androidx.wear.tiles:tiles:1.2.0] AndroidManifest.xml:9:13-87
18-->[androidx.wear.tiles:tiles:1.2.0] AndroidManifest.xml:9:21-84
19        </intent>
20    </queries>
21
22    <uses-permission android:name="android.permission.ACCESS_NETWORK_STATE" />
22-->[androidx.work:work-runtime:2.9.0] AndroidManifest.xml:24:5-79
22-->[androidx.work:work-runtime:2.9.0] AndroidManifest.xml:24:22-76
23    <uses-permission android:name="android.permission.RECEIVE_BOOT_COMPLETED" />
23-->[androidx.work:work-runtime:2.9.0] AndroidManifest.xml:25:5-81
23-->[androidx.work:work-runtime:2.9.0] AndroidManifest.xml:25:22-78
24    <uses-permission android:name="android.permission.FOREGROUND_SERVICE" />
24-->[androidx.work:work-runtime:2.9.0] AndroidManifest.xml:26:5-77
24-->[androidx.work:work-runtime:2.9.0] AndroidManifest.xml:26:22-74
25
26    <permission
26-->[androidx.core:core:1.10.0] AndroidManifest.xml:22:5-24:47
27        android:name="uz.fido.wearable.DYNAMIC_RECEIVER_NOT_EXPORTED_PERMISSION"
27-->[androidx.core:core:1.10.0] AndroidManifest.xml:23:9-81
28        android:protectionLevel="signature" />
28-->[androidx.core:core:1.10.0] AndroidManifest.xml:24:9-44
29
30    <uses-permission android:name="uz.fido.wearable.DYNAMIC_RECEIVER_NOT_EXPORTED_PERMISSION" />
30-->[androidx.core:core:1.10.0] AndroidManifest.xml:26:5-97
30-->[androidx.core:core:1.10.0] AndroidManifest.xml:26:22-94
31
32    <application
32-->src\main\AndroidManifest.xml:8:5-66:19
33        android:allowBackup="true"
33-->src\main\AndroidManifest.xml:9:9-35
34        android:appComponentFactory="androidx.core.app.CoreComponentFactory"
34-->[androidx.core:core:1.10.0] AndroidManifest.xml:28:18-86
35        android:debuggable="true"
36        android:extractNativeLibs="false"
37        android:icon="@mipmap/ic_launcher_round"
37-->src\main\AndroidManifest.xml:10:9-49
38        android:label="@string/app_name"
38-->src\main\AndroidManifest.xml:11:9-41
39        android:supportsRtl="true"
39-->src\main\AndroidManifest.xml:12:9-35
40        android:testOnly="true"
41        android:theme="@android:style/Theme.DeviceDefault" >
41-->src\main\AndroidManifest.xml:13:9-59
42        <service
42-->src\main\AndroidManifest.xml:14:9-29:19
43            android:name="uz.fido.wearable.complication.MainComplicationService"
43-->src\main\AndroidManifest.xml:15:13-65
44            android:exported="true"
44-->src\main\AndroidManifest.xml:16:13-36
45            android:label="@string/complication_label"
45-->src\main\AndroidManifest.xml:17:13-55
46            android:permission="com.google.android.wearable.permission.BIND_COMPLICATION_PROVIDER" >
46-->src\main\AndroidManifest.xml:18:13-99
47            <intent-filter>
47-->src\main\AndroidManifest.xml:19:13-21:29
48                <action android:name="android.support.wearable.complications.ACTION_COMPLICATION_UPDATE_REQUEST" />
48-->src\main\AndroidManifest.xml:20:17-116
48-->src\main\AndroidManifest.xml:20:25-113
49            </intent-filter>
50
51            <meta-data
51-->src\main\AndroidManifest.xml:23:13-25:46
52                android:name="android.support.wearable.complications.SUPPORTED_TYPES"
52-->src\main\AndroidManifest.xml:24:17-86
53                android:value="SHORT_TEXT" />
53-->src\main\AndroidManifest.xml:25:17-43
54            <meta-data
54-->src\main\AndroidManifest.xml:26:13-28:37
55                android:name="android.support.wearable.complications.UPDATE_PERIOD_SECONDS"
55-->src\main\AndroidManifest.xml:27:17-92
56                android:value="0" />
56-->src\main\AndroidManifest.xml:28:17-34
57        </service>
58        <service
58-->src\main\AndroidManifest.xml:30:9-42:19
59            android:name="uz.fido.wearable.tile.HomeTileService"
59-->src\main\AndroidManifest.xml:31:13-49
60            android:exported="true"
60-->src\main\AndroidManifest.xml:32:13-36
61            android:label="@string/tile_label"
61-->src\main\AndroidManifest.xml:33:13-47
62            android:permission="com.google.android.wearable.permission.BIND_TILE_PROVIDER" >
62-->src\main\AndroidManifest.xml:34:13-91
63            <intent-filter>
63-->src\main\AndroidManifest.xml:35:13-37:29
64                <action android:name="androidx.wear.tiles.action.BIND_TILE_PROVIDER" />
64-->src\main\AndroidManifest.xml:36:17-88
64-->src\main\AndroidManifest.xml:36:25-85
65            </intent-filter>
66
67            <meta-data
67-->src\main\AndroidManifest.xml:39:13-41:61
68                android:name="androidx.wear.tiles.PREVIEW"
68-->src\main\AndroidManifest.xml:40:17-59
69                android:resource="@drawable/tile_preview" />
69-->src\main\AndroidManifest.xml:41:17-58
70        </service>
71
72        <uses-library
72-->src\main\AndroidManifest.xml:44:9-46:39
73            android:name="com.google.android.wearable"
73-->src\main\AndroidManifest.xml:45:13-55
74            android:required="true" />
74-->src\main\AndroidManifest.xml:46:13-36
75        <!--
76               Set to true if your app is Standalone, that is, it does not require the handheld
77               app to run.
78        -->
79        <meta-data
79-->src\main\AndroidManifest.xml:51:9-53:36
80            android:name="com.google.android.wearable.standalone"
80-->src\main\AndroidManifest.xml:52:13-66
81            android:value="true" />
81-->src\main\AndroidManifest.xml:53:13-33
82
83        <activity
83-->src\main\AndroidManifest.xml:55:9-65:20
84            android:name="uz.fido.wearable.presentation.HomeActivity"
84-->src\main\AndroidManifest.xml:56:13-54
85            android:exported="true"
85-->src\main\AndroidManifest.xml:57:13-36
86            android:taskAffinity=""
86-->src\main\AndroidManifest.xml:58:13-36
87            android:theme="@style/HomeActivityTheme.Starting" >
87-->src\main\AndroidManifest.xml:59:13-62
88            <intent-filter>
88-->src\main\AndroidManifest.xml:60:13-64:29
89                <action android:name="android.intent.action.MAIN" />
89-->src\main\AndroidManifest.xml:61:17-69
89-->src\main\AndroidManifest.xml:61:25-66
90
91                <category android:name="android.intent.category.LAUNCHER" />
91-->src\main\AndroidManifest.xml:63:17-77
91-->src\main\AndroidManifest.xml:63:27-74
92            </intent-filter>
93        </activity>
94
95        <provider
95-->[androidx.work:work-runtime:2.9.0] AndroidManifest.xml:29:9-37:20
96            android:name="androidx.startup.InitializationProvider"
96-->[androidx.work:work-runtime:2.9.0] AndroidManifest.xml:30:13-67
97            android:authorities="uz.fido.wearable.androidx-startup"
97-->[androidx.work:work-runtime:2.9.0] AndroidManifest.xml:31:13-68
98            android:exported="false" >
98-->[androidx.work:work-runtime:2.9.0] AndroidManifest.xml:32:13-37
99            <meta-data
99-->[androidx.work:work-runtime:2.9.0] AndroidManifest.xml:34:13-36:52
100                android:name="androidx.work.WorkManagerInitializer"
100-->[androidx.work:work-runtime:2.9.0] AndroidManifest.xml:35:17-68
101                android:value="androidx.startup" />
101-->[androidx.work:work-runtime:2.9.0] AndroidManifest.xml:36:17-49
102            <meta-data
102-->[androidx.emoji2:emoji2:1.4.0] AndroidManifest.xml:29:13-31:52
103                android:name="androidx.emoji2.text.EmojiCompatInitializer"
103-->[androidx.emoji2:emoji2:1.4.0] AndroidManifest.xml:30:17-75
104                android:value="androidx.startup" />
104-->[androidx.emoji2:emoji2:1.4.0] AndroidManifest.xml:31:17-49
105            <meta-data
105-->[androidx.lifecycle:lifecycle-process:2.6.2] AndroidManifest.xml:29:13-31:52
106                android:name="androidx.lifecycle.ProcessLifecycleInitializer"
106-->[androidx.lifecycle:lifecycle-process:2.6.2] AndroidManifest.xml:30:17-78
107                android:value="androidx.startup" />
107-->[androidx.lifecycle:lifecycle-process:2.6.2] AndroidManifest.xml:31:17-49
108            <meta-data
108-->[androidx.profileinstaller:profileinstaller:1.3.1] AndroidManifest.xml:29:13-31:52
109                android:name="androidx.profileinstaller.ProfileInstallerInitializer"
109-->[androidx.profileinstaller:profileinstaller:1.3.1] AndroidManifest.xml:30:17-85
110                android:value="androidx.startup" />
110-->[androidx.profileinstaller:profileinstaller:1.3.1] AndroidManifest.xml:31:17-49
111        </provider>
112
113        <service
113-->[androidx.work:work-runtime:2.9.0] AndroidManifest.xml:39:9-45:35
114            android:name="androidx.work.impl.background.systemalarm.SystemAlarmService"
114-->[androidx.work:work-runtime:2.9.0] AndroidManifest.xml:40:13-88
115            android:directBootAware="false"
115-->[androidx.work:work-runtime:2.9.0] AndroidManifest.xml:41:13-44
116            android:enabled="@bool/enable_system_alarm_service_default"
116-->[androidx.work:work-runtime:2.9.0] AndroidManifest.xml:42:13-72
117            android:exported="false" />
117-->[androidx.work:work-runtime:2.9.0] AndroidManifest.xml:43:13-37
118        <service
118-->[androidx.work:work-runtime:2.9.0] AndroidManifest.xml:46:9-52:35
119            android:name="androidx.work.impl.background.systemjob.SystemJobService"
119-->[androidx.work:work-runtime:2.9.0] AndroidManifest.xml:47:13-84
120            android:directBootAware="false"
120-->[androidx.work:work-runtime:2.9.0] AndroidManifest.xml:48:13-44
121            android:enabled="@bool/enable_system_job_service_default"
121-->[androidx.work:work-runtime:2.9.0] AndroidManifest.xml:49:13-70
122            android:exported="true"
122-->[androidx.work:work-runtime:2.9.0] AndroidManifest.xml:50:13-36
123            android:permission="android.permission.BIND_JOB_SERVICE" />
123-->[androidx.work:work-runtime:2.9.0] AndroidManifest.xml:51:13-69
124        <service
124-->[androidx.work:work-runtime:2.9.0] AndroidManifest.xml:53:9-59:35
125            android:name="androidx.work.impl.foreground.SystemForegroundService"
125-->[androidx.work:work-runtime:2.9.0] AndroidManifest.xml:54:13-81
126            android:directBootAware="false"
126-->[androidx.work:work-runtime:2.9.0] AndroidManifest.xml:55:13-44
127            android:enabled="@bool/enable_system_foreground_service_default"
127-->[androidx.work:work-runtime:2.9.0] AndroidManifest.xml:56:13-77
128            android:exported="false" />
128-->[androidx.work:work-runtime:2.9.0] AndroidManifest.xml:57:13-37
129
130        <receiver
130-->[androidx.work:work-runtime:2.9.0] AndroidManifest.xml:61:9-66:35
131            android:name="androidx.work.impl.utils.ForceStopRunnable$BroadcastReceiver"
131-->[androidx.work:work-runtime:2.9.0] AndroidManifest.xml:62:13-88
132            android:directBootAware="false"
132-->[androidx.work:work-runtime:2.9.0] AndroidManifest.xml:63:13-44
133            android:enabled="true"
133-->[androidx.work:work-runtime:2.9.0] AndroidManifest.xml:64:13-35
134            android:exported="false" />
134-->[androidx.work:work-runtime:2.9.0] AndroidManifest.xml:65:13-37
135        <receiver
135-->[androidx.work:work-runtime:2.9.0] AndroidManifest.xml:67:9-77:20
136            android:name="androidx.work.impl.background.systemalarm.ConstraintProxy$BatteryChargingProxy"
136-->[androidx.work:work-runtime:2.9.0] AndroidManifest.xml:68:13-106
137            android:directBootAware="false"
137-->[androidx.work:work-runtime:2.9.0] AndroidManifest.xml:69:13-44
138            android:enabled="false"
138-->[androidx.work:work-runtime:2.9.0] AndroidManifest.xml:70:13-36
139            android:exported="false" >
139-->[androidx.work:work-runtime:2.9.0] AndroidManifest.xml:71:13-37
140            <intent-filter>
140-->[androidx.work:work-runtime:2.9.0] AndroidManifest.xml:73:13-76:29
141                <action android:name="android.intent.action.ACTION_POWER_CONNECTED" />
141-->[androidx.work:work-runtime:2.9.0] AndroidManifest.xml:74:17-87
141-->[androidx.work:work-runtime:2.9.0] AndroidManifest.xml:74:25-84
142                <action android:name="android.intent.action.ACTION_POWER_DISCONNECTED" />
142-->[androidx.work:work-runtime:2.9.0] AndroidManifest.xml:75:17-90
142-->[androidx.work:work-runtime:2.9.0] AndroidManifest.xml:75:25-87
143            </intent-filter>
144        </receiver>
145        <receiver
145-->[androidx.work:work-runtime:2.9.0] AndroidManifest.xml:78:9-88:20
146            android:name="androidx.work.impl.background.systemalarm.ConstraintProxy$BatteryNotLowProxy"
146-->[androidx.work:work-runtime:2.9.0] AndroidManifest.xml:79:13-104
147            android:directBootAware="false"
147-->[androidx.work:work-runtime:2.9.0] AndroidManifest.xml:80:13-44
148            android:enabled="false"
148-->[androidx.work:work-runtime:2.9.0] AndroidManifest.xml:81:13-36
149            android:exported="false" >
149-->[androidx.work:work-runtime:2.9.0] AndroidManifest.xml:82:13-37
150            <intent-filter>
150-->[androidx.work:work-runtime:2.9.0] AndroidManifest.xml:84:13-87:29
151                <action android:name="android.intent.action.BATTERY_OKAY" />
151-->[androidx.work:work-runtime:2.9.0] AndroidManifest.xml:85:17-77
151-->[androidx.work:work-runtime:2.9.0] AndroidManifest.xml:85:25-74
152                <action android:name="android.intent.action.BATTERY_LOW" />
152-->[androidx.work:work-runtime:2.9.0] AndroidManifest.xml:86:17-76
152-->[androidx.work:work-runtime:2.9.0] AndroidManifest.xml:86:25-73
153            </intent-filter>
154        </receiver>
155        <receiver
155-->[androidx.work:work-runtime:2.9.0] AndroidManifest.xml:89:9-99:20
156            android:name="androidx.work.impl.background.systemalarm.ConstraintProxy$StorageNotLowProxy"
156-->[androidx.work:work-runtime:2.9.0] AndroidManifest.xml:90:13-104
157            android:directBootAware="false"
157-->[androidx.work:work-runtime:2.9.0] AndroidManifest.xml:91:13-44
158            android:enabled="false"
158-->[androidx.work:work-runtime:2.9.0] AndroidManifest.xml:92:13-36
159            android:exported="false" >
159-->[androidx.work:work-runtime:2.9.0] AndroidManifest.xml:93:13-37
160            <intent-filter>
160-->[androidx.work:work-runtime:2.9.0] AndroidManifest.xml:95:13-98:29
161                <action android:name="android.intent.action.DEVICE_STORAGE_LOW" />
161-->[androidx.work:work-runtime:2.9.0] AndroidManifest.xml:96:17-83
161-->[androidx.work:work-runtime:2.9.0] AndroidManifest.xml:96:25-80
162                <action android:name="android.intent.action.DEVICE_STORAGE_OK" />
162-->[androidx.work:work-runtime:2.9.0] AndroidManifest.xml:97:17-82
162-->[androidx.work:work-runtime:2.9.0] AndroidManifest.xml:97:25-79
163            </intent-filter>
164        </receiver>
165        <receiver
165-->[androidx.work:work-runtime:2.9.0] AndroidManifest.xml:100:9-109:20
166            android:name="androidx.work.impl.background.systemalarm.ConstraintProxy$NetworkStateProxy"
166-->[androidx.work:work-runtime:2.9.0] AndroidManifest.xml:101:13-103
167            android:directBootAware="false"
167-->[androidx.work:work-runtime:2.9.0] AndroidManifest.xml:102:13-44
168            android:enabled="false"
168-->[androidx.work:work-runtime:2.9.0] AndroidManifest.xml:103:13-36
169            android:exported="false" >
169-->[androidx.work:work-runtime:2.9.0] AndroidManifest.xml:104:13-37
170            <intent-filter>
170-->[androidx.work:work-runtime:2.9.0] AndroidManifest.xml:106:13-108:29
171                <action android:name="android.net.conn.CONNECTIVITY_CHANGE" />
171-->[androidx.work:work-runtime:2.9.0] AndroidManifest.xml:107:17-79
171-->[androidx.work:work-runtime:2.9.0] AndroidManifest.xml:107:25-76
172            </intent-filter>
173        </receiver>
174        <receiver
174-->[androidx.work:work-runtime:2.9.0] AndroidManifest.xml:110:9-121:20
175            android:name="androidx.work.impl.background.systemalarm.RescheduleReceiver"
175-->[androidx.work:work-runtime:2.9.0] AndroidManifest.xml:111:13-88
176            android:directBootAware="false"
176-->[androidx.work:work-runtime:2.9.0] AndroidManifest.xml:112:13-44
177            android:enabled="false"
177-->[androidx.work:work-runtime:2.9.0] AndroidManifest.xml:113:13-36
178            android:exported="false" >
178-->[androidx.work:work-runtime:2.9.0] AndroidManifest.xml:114:13-37
179            <intent-filter>
179-->[androidx.work:work-runtime:2.9.0] AndroidManifest.xml:116:13-120:29
180                <action android:name="android.intent.action.BOOT_COMPLETED" />
180-->[androidx.work:work-runtime:2.9.0] AndroidManifest.xml:117:17-79
180-->[androidx.work:work-runtime:2.9.0] AndroidManifest.xml:117:25-76
181                <action android:name="android.intent.action.TIME_SET" />
181-->[androidx.work:work-runtime:2.9.0] AndroidManifest.xml:118:17-73
181-->[androidx.work:work-runtime:2.9.0] AndroidManifest.xml:118:25-70
182                <action android:name="android.intent.action.TIMEZONE_CHANGED" />
182-->[androidx.work:work-runtime:2.9.0] AndroidManifest.xml:119:17-81
182-->[androidx.work:work-runtime:2.9.0] AndroidManifest.xml:119:25-78
183            </intent-filter>
184        </receiver>
185        <receiver
185-->[androidx.work:work-runtime:2.9.0] AndroidManifest.xml:122:9-131:20
186            android:name="androidx.work.impl.background.systemalarm.ConstraintProxyUpdateReceiver"
186-->[androidx.work:work-runtime:2.9.0] AndroidManifest.xml:123:13-99
187            android:directBootAware="false"
187-->[androidx.work:work-runtime:2.9.0] AndroidManifest.xml:124:13-44
188            android:enabled="@bool/enable_system_alarm_service_default"
188-->[androidx.work:work-runtime:2.9.0] AndroidManifest.xml:125:13-72
189            android:exported="false" >
189-->[androidx.work:work-runtime:2.9.0] AndroidManifest.xml:126:13-37
190            <intent-filter>
190-->[androidx.work:work-runtime:2.9.0] AndroidManifest.xml:128:13-130:29
191                <action android:name="androidx.work.impl.background.systemalarm.UpdateProxies" />
191-->[androidx.work:work-runtime:2.9.0] AndroidManifest.xml:129:17-98
191-->[androidx.work:work-runtime:2.9.0] AndroidManifest.xml:129:25-95
192            </intent-filter>
193        </receiver>
194        <receiver
194-->[androidx.work:work-runtime:2.9.0] AndroidManifest.xml:132:9-142:20
195            android:name="androidx.work.impl.diagnostics.DiagnosticsReceiver"
195-->[androidx.work:work-runtime:2.9.0] AndroidManifest.xml:133:13-78
196            android:directBootAware="false"
196-->[androidx.work:work-runtime:2.9.0] AndroidManifest.xml:134:13-44
197            android:enabled="true"
197-->[androidx.work:work-runtime:2.9.0] AndroidManifest.xml:135:13-35
198            android:exported="true"
198-->[androidx.work:work-runtime:2.9.0] AndroidManifest.xml:136:13-36
199            android:permission="android.permission.DUMP" >
199-->[androidx.work:work-runtime:2.9.0] AndroidManifest.xml:137:13-57
200            <intent-filter>
200-->[androidx.work:work-runtime:2.9.0] AndroidManifest.xml:139:13-141:29
201                <action android:name="androidx.work.diagnostics.REQUEST_DIAGNOSTICS" />
201-->[androidx.work:work-runtime:2.9.0] AndroidManifest.xml:140:17-88
201-->[androidx.work:work-runtime:2.9.0] AndroidManifest.xml:140:25-85
202            </intent-filter>
203        </receiver>
204
205        <activity
205-->[com.google.android.gms:play-services-base:18.0.1] AndroidManifest.xml:20:9-22:45
206            android:name="com.google.android.gms.common.api.GoogleApiActivity"
206-->[com.google.android.gms:play-services-base:18.0.1] AndroidManifest.xml:20:19-85
207            android:exported="false"
207-->[com.google.android.gms:play-services-base:18.0.1] AndroidManifest.xml:22:19-43
208            android:theme="@android:style/Theme.Translucent.NoTitleBar" />
208-->[com.google.android.gms:play-services-base:18.0.1] AndroidManifest.xml:21:19-78
209
210        <meta-data
210-->[com.google.android.gms:play-services-basement:18.0.0] AndroidManifest.xml:21:9-23:69
211            android:name="com.google.android.gms.version"
211-->[com.google.android.gms:play-services-basement:18.0.0] AndroidManifest.xml:22:13-58
212            android:value="@integer/google_play_services_version" />
212-->[com.google.android.gms:play-services-basement:18.0.0] AndroidManifest.xml:23:13-66
213
214        <activity
214-->[androidx.compose.ui:ui-tooling-android:1.5.1] AndroidManifest.xml:23:9-25:39
215            android:name="androidx.compose.ui.tooling.PreviewActivity"
215-->[androidx.compose.ui:ui-tooling-android:1.5.1] AndroidManifest.xml:24:13-71
216            android:exported="true" />
216-->[androidx.compose.ui:ui-tooling-android:1.5.1] AndroidManifest.xml:25:13-36
217        <activity
217-->[androidx.compose.ui:ui-test-manifest:1.5.1] AndroidManifest.xml:23:9-25:39
218            android:name="androidx.activity.ComponentActivity"
218-->[androidx.compose.ui:ui-test-manifest:1.5.1] AndroidManifest.xml:24:13-63
219            android:exported="true" />
219-->[androidx.compose.ui:ui-test-manifest:1.5.1] AndroidManifest.xml:25:13-36
220
221        <service
221-->[androidx.room:room-runtime:2.5.0] AndroidManifest.xml:24:9-28:63
222            android:name="androidx.room.MultiInstanceInvalidationService"
222-->[androidx.room:room-runtime:2.5.0] AndroidManifest.xml:25:13-74
223            android:directBootAware="true"
223-->[androidx.room:room-runtime:2.5.0] AndroidManifest.xml:26:13-43
224            android:exported="false" />
224-->[androidx.room:room-runtime:2.5.0] AndroidManifest.xml:27:13-37
225
226        <receiver
226-->[androidx.profileinstaller:profileinstaller:1.3.1] AndroidManifest.xml:34:9-52:20
227            android:name="androidx.profileinstaller.ProfileInstallReceiver"
227-->[androidx.profileinstaller:profileinstaller:1.3.1] AndroidManifest.xml:35:13-76
228            android:directBootAware="false"
228-->[androidx.profileinstaller:profileinstaller:1.3.1] AndroidManifest.xml:36:13-44
229            android:enabled="true"
229-->[androidx.profileinstaller:profileinstaller:1.3.1] AndroidManifest.xml:37:13-35
230            android:exported="true"
230-->[androidx.profileinstaller:profileinstaller:1.3.1] AndroidManifest.xml:38:13-36
231            android:permission="android.permission.DUMP" >
231-->[androidx.profileinstaller:profileinstaller:1.3.1] AndroidManifest.xml:39:13-57
232            <intent-filter>
232-->[androidx.profileinstaller:profileinstaller:1.3.1] AndroidManifest.xml:40:13-42:29
233                <action android:name="androidx.profileinstaller.action.INSTALL_PROFILE" />
233-->[androidx.profileinstaller:profileinstaller:1.3.1] AndroidManifest.xml:41:17-91
233-->[androidx.profileinstaller:profileinstaller:1.3.1] AndroidManifest.xml:41:25-88
234            </intent-filter>
235            <intent-filter>
235-->[androidx.profileinstaller:profileinstaller:1.3.1] AndroidManifest.xml:43:13-45:29
236                <action android:name="androidx.profileinstaller.action.SKIP_FILE" />
236-->[androidx.profileinstaller:profileinstaller:1.3.1] AndroidManifest.xml:44:17-85
236-->[androidx.profileinstaller:profileinstaller:1.3.1] AndroidManifest.xml:44:25-82
237            </intent-filter>
238            <intent-filter>
238-->[androidx.profileinstaller:profileinstaller:1.3.1] AndroidManifest.xml:46:13-48:29
239                <action android:name="androidx.profileinstaller.action.SAVE_PROFILE" />
239-->[androidx.profileinstaller:profileinstaller:1.3.1] AndroidManifest.xml:47:17-88
239-->[androidx.profileinstaller:profileinstaller:1.3.1] AndroidManifest.xml:47:25-85
240            </intent-filter>
241            <intent-filter>
241-->[androidx.profileinstaller:profileinstaller:1.3.1] AndroidManifest.xml:49:13-51:29
242                <action android:name="androidx.profileinstaller.action.BENCHMARK_OPERATION" />
242-->[androidx.profileinstaller:profileinstaller:1.3.1] AndroidManifest.xml:50:17-95
242-->[androidx.profileinstaller:profileinstaller:1.3.1] AndroidManifest.xml:50:25-92
243            </intent-filter>
244        </receiver>
245    </application>
246
247</manifest>